<?xml version="1.0" encoding="UTF-8"?>
<!-- Generated by org.testng.reporters.JUnitXMLReporter -->
<testsuite ignored="0" hostname="Swasthik" failures="1" tests="1" name="TestTwo" time="7.075" errors="0" timestamp="2024-03-07T19:40:06 IST">
  <testcase classname="io.cucumber.testng.AbstractTestNGCucumberTests" name="runScenario" time="6.753">
    <failure type="io.cucumber.testng.UndefinedStepException" message="The step &amp;apos;User enters a username as &amp;quot;spacestudio555@gmail.com&amp;quot; and a password as &amp;quot;8971059266&amp;quot; into the fields&amp;apos; is undefined.
You can implement this step using the snippet(s) below:

@When(&amp;quot;User enters a username as {string} and a password as {string} into the fields&amp;quot;)
public void user_enters_a_username_as_and_a_password_as_into_the_fields(String string, String string2) {
    // Write code here that turns the phrase above into concrete actions
    throw new io.cucumber.java.PendingException();
}
">
      <![CDATA[io.cucumber.testng.UndefinedStepException: The step 'User enters a username as "spacestudio555@gmail.com" and a password as "8971059266" into the fields' is undefined.
You can implement this step using the snippet(s) below:

@When("User enters a username as {string} and a password as {string} into the fields")
public void user_enters_a_username_as_and_a_password_as_into_the_fields(String string, String string2) {
    // Write code here that turns the phrase above into concrete actions
    throw new io.cucumber.java.PendingException();
}

at io.cucumber.core.runtime.TestCaseResultObserver.assertTestCasePassed(TestCaseResultObserver.java:69)
at io.cucumber.testng.TestCaseResultObserver.assertTestCasePassed(TestCaseResultObserver.java:23)
at io.cucumber.testng.TestNGCucumberRunner.lambda$runScenario$1(TestNGCucumberRunner.java:133)
at io.cucumber.core.runtime.CucumberExecutionContext.lambda$runTestCase$5(CucumberExecutionContext.java:137)
at io.cucumber.core.runtime.RethrowingThrowableCollector.executeAndThrow(RethrowingThrowableCollector.java:23)
at io.cucumber.core.runtime.CucumberExecutionContext.runTestCase(CucumberExecutionContext.java:137)
at io.cucumber.testng.TestNGCucumberRunner.runScenario(TestNGCucumberRunner.java:129)
at io.cucumber.testng.AbstractTestNGCucumberTests.runScenario(AbstractTestNGCucumberTests.java:35)
at java.base/java.util.ArrayList.forEach(ArrayList.java:1511)
... Removed 27 stack frames]]>
    </failure>
  </testcase> <!-- runScenario -->
</testsuite> <!-- TestTwo -->
